[INFO] 2025/09/21 08:31:38 clientMessageHub started
[INFO] 2025/09/21 08:31:38 start listening on localhost:20000
[INFO] 2025/09/21 08:31:38 Msg Sent: MsgRequestMessage, From localhost:20000, To localhost:28000, Txs 1000
[INFO] 2025/09/21 08:31:38 Received reply message from localhost:28200, sequence number 60021
[INFO] 2025/09/21 08:31:38 Received reply message from localhost:28000, sequence number 60021
[INFO] 2025/09/21 08:31:38 Received reply message from localhost:28300, sequence number 60021
[INFO] 2025/09/21 08:31:38 Received reply message from localhost:28100, sequence number 60021
[INFO] 2025/09/21 08:31:39 Msg Sent: MsgRequestMessage, From localhost:20000, To localhost:28000, Txs 1000
[INFO] 2025/09/21 08:31:39 Received reply message from localhost:28000, sequence number 60022
[INFO] 2025/09/21 08:31:39 Received reply message from localhost:28300, sequence number 60022
[INFO] 2025/09/21 08:31:39 Received reply message from localhost:28100, sequence number 60022
[INFO] 2025/09/21 08:31:39 Received reply message from localhost:28200, sequence number 60022
[INFO] 2025/09/21 08:31:40 Msg Sent: MsgRequestMessage, From localhost:20000, To localhost:28000, Txs 1000
[INFO] 2025/09/21 08:31:40 Received reply message from localhost:28200, sequence number 60023
[INFO] 2025/09/21 08:31:40 Received reply message from localhost:28000, sequence number 60023
[INFO] 2025/09/21 08:31:40 Received reply message from localhost:28100, sequence number 60023
[INFO] 2025/09/21 08:31:40 Received reply message from localhost:28300, sequence number 60023
[INFO] 2025/09/21 08:31:41 Msg Sent: MsgRequestMessage, From localhost:20000, To localhost:28000, Txs 1000
[INFO] 2025/09/21 08:31:41 Received reply message from localhost:28200, sequence number 60024
[INFO] 2025/09/21 08:31:41 Received reply message from localhost:28000, sequence number 60024
[INFO] 2025/09/21 08:31:41 Received reply message from localhost:28100, sequence number 60024
[INFO] 2025/09/21 08:31:41 Received reply message from localhost:28300, sequence number 60024
[INFO] 2025/09/21 08:31:42 Msg Sent: MsgRequestMessage, From localhost:20000, To localhost:28000, Txs 1000
[INFO] 2025/09/21 08:31:42 Received reply message from localhost:28000, sequence number 60025
[INFO] 2025/09/21 08:31:42 Received reply message from localhost:28200, sequence number 60025
[INFO] 2025/09/21 08:31:42 Received reply message from localhost:28100, sequence number 60025
[INFO] 2025/09/21 08:31:42 Received reply message from localhost:28300, sequence number 60025
[DEBUG] 2025/09/21 08:31:43 client stopped
