[INFO] 2025/09/22 14:06:47 node started
[INFO] 2025/09/22 14:06:47 start listening on localhost:28000
[INFO] 2025/09/22 14:06:47 Received request message from localhost:20000 to localhost:28000 with 1000 transactions
[INFO] 2025/09/22 14:06:47 Send preprepare message to localhost:28100
[INFO] 2025/09/22 14:06:47 Send preprepare message to localhost:28200
[INFO] 2025/09/22 14:06:47 Send preprepare message to localhost:28300
[INFO] 2025/09/22 14:06:47 Received prepare message from localhost:28100, sequence number 16976
[INFO] 2025/09/22 14:06:47 Prepare message count for sequence 16976 is now 1
[INFO] 2025/09/22 14:06:47 After receiving from localhost:28100, current prepare messages number is 1
[INFO] 2025/09/22 14:06:47 Received prepare message from localhost:28200, sequence number 16976
[INFO] 2025/09/22 14:06:47 Prepare message count for sequence 16976 is now 2
[INFO] 2025/09/22 14:06:47 After receiving from localhost:28200, current prepare messages number is 2
[INFO] 2025/09/22 14:06:47 Received 2 prepare messages, enough to commit the block.
[INFO] 2025/09/22 14:06:47 Send commit message to localhost:28100
[INFO] 2025/09/22 14:06:47 Send commit message to localhost:28200
[INFO] 2025/09/22 14:06:47 Received prepare message from localhost:28300, sequence number 16976
[INFO] 2025/09/22 14:06:47 Prepare message count for sequence 16976 is now 3
[INFO] 2025/09/22 14:06:47 After receiving from localhost:28300, current prepare messages number is 3
[INFO] 2025/09/22 14:06:47 Send commit message to localhost:28300
[INFO] 2025/09/22 14:06:47 Received commit message from localhost:28300, sequence number 16976
[INFO] 2025/09/22 14:06:47 Commit message count for sequence 16976 is now 1
[INFO] 2025/09/22 14:06:47 After receiving from localhost:28300, current prepare messages number is 3
[INFO] 2025/09/22 14:06:47 Received commit message from localhost:28200, sequence number 16976
[INFO] 2025/09/22 14:06:47 Commit message count for sequence 16976 is now 2
[INFO] 2025/09/22 14:06:47 After receiving from localhost:28200, current prepare messages number is 3
[INFO] 2025/09/22 14:06:47 Received 3 prepare messages, enough to commit the block.
[INFO] 2025/09/22 14:06:47 Send reply message to localhost:20000
[INFO] 2025/09/22 14:06:47 Received commit message from localhost:28100, sequence number 16976
[INFO] 2025/09/22 14:06:47 Commit message count for sequence 16976 is now 3
[INFO] 2025/09/22 14:06:47 After receiving from localhost:28100, current prepare messages number is 3
[INFO] 2025/09/22 14:06:48 Received request message from localhost:20000 to localhost:28000 with 1000 transactions
[INFO] 2025/09/22 14:06:48 Send preprepare message to localhost:28100
[INFO] 2025/09/22 14:06:48 Send preprepare message to localhost:28200
[INFO] 2025/09/22 14:06:48 Send preprepare message to localhost:28300
[INFO] 2025/09/22 14:06:48 Received prepare message from localhost:28100, sequence number 16977
[INFO] 2025/09/22 14:06:48 Prepare message count for sequence 16977 is now 1
[INFO] 2025/09/22 14:06:48 After receiving from localhost:28100, current prepare messages number is 1
[INFO] 2025/09/22 14:06:48 Received prepare message from localhost:28300, sequence number 16977
[INFO] 2025/09/22 14:06:48 Prepare message count for sequence 16977 is now 2
[INFO] 2025/09/22 14:06:48 After receiving from localhost:28300, current prepare messages number is 2
[INFO] 2025/09/22 14:06:48 Received 2 prepare messages, enough to commit the block.
[INFO] 2025/09/22 14:06:48 Send commit message to localhost:28200
[INFO] 2025/09/22 14:06:48 Send commit message to localhost:28300
[INFO] 2025/09/22 14:06:48 Send commit message to localhost:28100
[INFO] 2025/09/22 14:06:48 Received prepare message from localhost:28200, sequence number 16977
[INFO] 2025/09/22 14:06:48 Prepare message count for sequence 16977 is now 3
[INFO] 2025/09/22 14:06:48 After receiving from localhost:28200, current prepare messages number is 3
[INFO] 2025/09/22 14:06:48 Received commit message from localhost:28300, sequence number 16977
[INFO] 2025/09/22 14:06:48 Commit message count for sequence 16977 is now 1
[INFO] 2025/09/22 14:06:48 After receiving from localhost:28300, current prepare messages number is 3
[INFO] 2025/09/22 14:06:48 Received commit message from localhost:28100, sequence number 16977
[INFO] 2025/09/22 14:06:48 Commit message count for sequence 16977 is now 2
[INFO] 2025/09/22 14:06:48 After receiving from localhost:28100, current prepare messages number is 3
[INFO] 2025/09/22 14:06:48 Received 3 prepare messages, enough to commit the block.
[INFO] 2025/09/22 14:06:48 Send reply message to localhost:20000
[INFO] 2025/09/22 14:06:48 Received commit message from localhost:28200, sequence number 16977
[INFO] 2025/09/22 14:06:48 Commit message count for sequence 16977 is now 3
[INFO] 2025/09/22 14:06:48 After receiving from localhost:28200, current prepare messages number is 3
[INFO] 2025/09/22 14:06:49 Received request message from localhost:20000 to localhost:28000 with 1000 transactions
[INFO] 2025/09/22 14:06:49 Send preprepare message to localhost:28100
[INFO] 2025/09/22 14:06:49 Send preprepare message to localhost:28200
[INFO] 2025/09/22 14:06:49 Send preprepare message to localhost:28300
[INFO] 2025/09/22 14:06:49 Received prepare message from localhost:28100, sequence number 16978
[INFO] 2025/09/22 14:06:49 Prepare message count for sequence 16978 is now 1
[INFO] 2025/09/22 14:06:49 After receiving from localhost:28100, current prepare messages number is 1
[INFO] 2025/09/22 14:06:49 Received prepare message from localhost:28300, sequence number 16978
[INFO] 2025/09/22 14:06:49 Prepare message count for sequence 16978 is now 2
[INFO] 2025/09/22 14:06:49 After receiving from localhost:28300, current prepare messages number is 2
[INFO] 2025/09/22 14:06:49 Received 2 prepare messages, enough to commit the block.
[INFO] 2025/09/22 14:06:49 Send commit message to localhost:28100
[INFO] 2025/09/22 14:06:49 Send commit message to localhost:28200
[INFO] 2025/09/22 14:06:49 Send commit message to localhost:28300
[INFO] 2025/09/22 14:06:49 Received commit message from localhost:28100, sequence number 16978
[INFO] 2025/09/22 14:06:49 Commit message count for sequence 16978 is now 1
[INFO] 2025/09/22 14:06:49 After receiving from localhost:28100, current prepare messages number is 2
[INFO] 2025/09/22 14:06:49 Received prepare message from localhost:28200, sequence number 16978
[INFO] 2025/09/22 14:06:49 Prepare message count for sequence 16978 is now 3
[INFO] 2025/09/22 14:06:49 After receiving from localhost:28200, current prepare messages number is 3
[INFO] 2025/09/22 14:06:49 Received commit message from localhost:28300, sequence number 16978
[INFO] 2025/09/22 14:06:49 Commit message count for sequence 16978 is now 2
[INFO] 2025/09/22 14:06:49 After receiving from localhost:28300, current prepare messages number is 3
[INFO] 2025/09/22 14:06:49 Received 3 prepare messages, enough to commit the block.
[INFO] 2025/09/22 14:06:49 Send reply message to localhost:20000
[INFO] 2025/09/22 14:06:49 Received commit message from localhost:28200, sequence number 16978
[INFO] 2025/09/22 14:06:49 Commit message count for sequence 16978 is now 3
[INFO] 2025/09/22 14:06:49 After receiving from localhost:28200, current prepare messages number is 3
[INFO] 2025/09/22 14:06:50 Received request message from localhost:20000 to localhost:28000 with 1000 transactions
[INFO] 2025/09/22 14:06:50 Send preprepare message to localhost:28100
[INFO] 2025/09/22 14:06:50 Send preprepare message to localhost:28200
[INFO] 2025/09/22 14:06:50 Send preprepare message to localhost:28300
[INFO] 2025/09/22 14:06:50 Received prepare message from localhost:28100, sequence number 16979
[INFO] 2025/09/22 14:06:50 Prepare message count for sequence 16979 is now 1
[INFO] 2025/09/22 14:06:50 After receiving from localhost:28100, current prepare messages number is 1
[INFO] 2025/09/22 14:06:50 Received prepare message from localhost:28200, sequence number 16979
[INFO] 2025/09/22 14:06:50 Prepare message count for sequence 16979 is now 2
[INFO] 2025/09/22 14:06:50 After receiving from localhost:28200, current prepare messages number is 2
[INFO] 2025/09/22 14:06:50 Received 2 prepare messages, enough to commit the block.
[INFO] 2025/09/22 14:06:50 Send commit message to localhost:28100
[INFO] 2025/09/22 14:06:50 Send commit message to localhost:28200
[INFO] 2025/09/22 14:06:50 Send commit message to localhost:28300
[INFO] 2025/09/22 14:06:50 Received commit message from localhost:28200, sequence number 16979
[INFO] 2025/09/22 14:06:50 Commit message count for sequence 16979 is now 1
[INFO] 2025/09/22 14:06:50 After receiving from localhost:28200, current prepare messages number is 2
[INFO] 2025/09/22 14:06:50 Received prepare message from localhost:28300, sequence number 16979
[INFO] 2025/09/22 14:06:50 Prepare message count for sequence 16979 is now 3
[INFO] 2025/09/22 14:06:50 After receiving from localhost:28300, current prepare messages number is 3
[INFO] 2025/09/22 14:06:50 Received commit message from localhost:28300, sequence number 16979
[INFO] 2025/09/22 14:06:50 Commit message count for sequence 16979 is now 2
[INFO] 2025/09/22 14:06:50 After receiving from localhost:28300, current prepare messages number is 3
[INFO] 2025/09/22 14:06:50 Received 3 prepare messages, enough to commit the block.
[INFO] 2025/09/22 14:06:50 Send reply message to localhost:20000
[INFO] 2025/09/22 14:06:50 Received commit message from localhost:28100, sequence number 16979
[INFO] 2025/09/22 14:06:50 Commit message count for sequence 16979 is now 3
[INFO] 2025/09/22 14:06:50 After receiving from localhost:28100, current prepare messages number is 3
[INFO] 2025/09/22 14:06:51 Received request message from localhost:20000 to localhost:28000 with 1000 transactions
[INFO] 2025/09/22 14:06:51 Send preprepare message to localhost:28100
[INFO] 2025/09/22 14:06:51 Send preprepare message to localhost:28200
[INFO] 2025/09/22 14:06:51 Send preprepare message to localhost:28300
[INFO] 2025/09/22 14:06:51 Received prepare message from localhost:28200, sequence number 16980
[INFO] 2025/09/22 14:06:51 Prepare message count for sequence 16980 is now 1
[INFO] 2025/09/22 14:06:51 After receiving from localhost:28200, current prepare messages number is 1
[INFO] 2025/09/22 14:06:51 Received prepare message from localhost:28100, sequence number 16980
[INFO] 2025/09/22 14:06:51 Prepare message count for sequence 16980 is now 2
[INFO] 2025/09/22 14:06:51 After receiving from localhost:28100, current prepare messages number is 2
[INFO] 2025/09/22 14:06:51 Received 2 prepare messages, enough to commit the block.
[INFO] 2025/09/22 14:06:51 Send commit message to localhost:28300
[INFO] 2025/09/22 14:06:51 Send commit message to localhost:28100
[INFO] 2025/09/22 14:06:51 Send commit message to localhost:28200
[INFO] 2025/09/22 14:06:51 Received commit message from localhost:28100, sequence number 16980
[INFO] 2025/09/22 14:06:51 Commit message count for sequence 16980 is now 1
[INFO] 2025/09/22 14:06:51 After receiving from localhost:28100, current prepare messages number is 2
[INFO] 2025/09/22 14:06:51 Received prepare message from localhost:28300, sequence number 16980
[INFO] 2025/09/22 14:06:51 Prepare message count for sequence 16980 is now 3
[INFO] 2025/09/22 14:06:51 After receiving from localhost:28300, current prepare messages number is 3
[INFO] 2025/09/22 14:06:51 Received commit message from localhost:28300, sequence number 16980
[INFO] 2025/09/22 14:06:51 Commit message count for sequence 16980 is now 2
[INFO] 2025/09/22 14:06:51 After receiving from localhost:28300, current prepare messages number is 3
[INFO] 2025/09/22 14:06:51 Received 3 prepare messages, enough to commit the block.
[INFO] 2025/09/22 14:06:51 Send reply message to localhost:20000
[INFO] 2025/09/22 14:06:51 Received commit message from localhost:28200, sequence number 16980
[INFO] 2025/09/22 14:06:51 Commit message count for sequence 16980 is now 3
[INFO] 2025/09/22 14:06:51 After receiving from localhost:28200, current prepare messages number is 3
[INFO] 2025/09/22 14:07:17 node stopped
