[INFO] 2025/09/21 02:12:49 node started
[INFO] 2025/09/21 02:12:49 start listening on localhost:28200
[INFO] 2025/09/21 02:12:55 Received preprepare message from localhost:28000, sequence number 55625
[INFO] 2025/09/21 02:12:55 Send prepare message to localhost:28000
[INFO] 2025/09/21 02:12:55 Send prepare message to localhost:28100
[INFO] 2025/09/21 02:12:55 Send prepare message to localhost:28300
[INFO] 2025/09/21 02:12:55 Received commit message from localhost:28000, sequence number 55625
[INFO] 2025/09/21 02:12:55 Commit message count for sequence 55625 is now 1
[INFO] 2025/09/21 02:12:55 After receiving from localhost:28000, current prepare messages number is 0
[INFO] 2025/09/21 02:12:55 Received prepare message from localhost:28100, sequence number 55625
[INFO] 2025/09/21 02:12:55 Prepare message count for sequence 55625 is now 1
[INFO] 2025/09/21 02:12:55 After receiving from localhost:28100, current prepare messages number is 1
[INFO] 2025/09/21 02:12:55 Received prepare message from localhost:28300, sequence number 55625
[INFO] 2025/09/21 02:12:55 Prepare message count for sequence 55625 is now 2
[INFO] 2025/09/21 02:12:55 After receiving from localhost:28300, current prepare messages number is 2
[INFO] 2025/09/21 02:12:55 Received 2 prepare messages, enough to commit the block.
[INFO] 2025/09/21 02:12:55 Send commit message to localhost:28000
[INFO] 2025/09/21 02:12:55 Received commit message from localhost:28100, sequence number 55625
[INFO] 2025/09/21 02:12:55 Commit message count for sequence 55625 is now 2
[INFO] 2025/09/21 02:12:55 After receiving from localhost:28100, current prepare messages number is 2
[INFO] 2025/09/21 02:12:55 Received 2 prepare messages, enough to commit the block.
[INFO] 2025/09/21 02:12:55 Send reply message to localhost:20000
[INFO] 2025/09/21 02:12:55 Send commit message to localhost:28100
[INFO] 2025/09/21 02:12:55 Send commit message to localhost:28300
[INFO] 2025/09/21 02:12:55 Received commit message from localhost:28300, sequence number 55625
[INFO] 2025/09/21 02:12:55 Commit message count for sequence 55625 is now 3
[INFO] 2025/09/21 02:12:55 After receiving from localhost:28300, current prepare messages number is 2
[INFO] 2025/09/21 02:12:56 Received preprepare message from localhost:28000, sequence number 55626
[INFO] 2025/09/21 02:12:56 Send prepare message to localhost:28000
[INFO] 2025/09/21 02:12:56 Send prepare message to localhost:28100
[INFO] 2025/09/21 02:12:56 Send prepare message to localhost:28300
[INFO] 2025/09/21 02:12:56 Received prepare message from localhost:28300, sequence number 55626
[INFO] 2025/09/21 02:12:56 Prepare message count for sequence 55626 is now 1
[INFO] 2025/09/21 02:12:56 After receiving from localhost:28300, current prepare messages number is 1
[INFO] 2025/09/21 02:12:56 Received prepare message from localhost:28100, sequence number 55626
[INFO] 2025/09/21 02:12:56 Prepare message count for sequence 55626 is now 2
[INFO] 2025/09/21 02:12:56 After receiving from localhost:28100, current prepare messages number is 2
[INFO] 2025/09/21 02:12:56 Received 2 prepare messages, enough to commit the block.
[INFO] 2025/09/21 02:12:56 Send commit message to localhost:28000
[INFO] 2025/09/21 02:12:56 Send commit message to localhost:28100
[INFO] 2025/09/21 02:12:56 Send commit message to localhost:28300
[INFO] 2025/09/21 02:12:56 Received commit message from localhost:28300, sequence number 55626
[INFO] 2025/09/21 02:12:56 Commit message count for sequence 55626 is now 1
[INFO] 2025/09/21 02:12:56 After receiving from localhost:28300, current prepare messages number is 2
[INFO] 2025/09/21 02:12:56 Received commit message from localhost:28100, sequence number 55626
[INFO] 2025/09/21 02:12:56 Commit message count for sequence 55626 is now 2
[INFO] 2025/09/21 02:12:56 After receiving from localhost:28100, current prepare messages number is 2
[INFO] 2025/09/21 02:12:56 Received 2 prepare messages, enough to commit the block.
[INFO] 2025/09/21 02:12:56 Send reply message to localhost:20000
[INFO] 2025/09/21 02:12:56 Received commit message from localhost:28000, sequence number 55626
[INFO] 2025/09/21 02:12:56 Commit message count for sequence 55626 is now 3
[INFO] 2025/09/21 02:12:56 After receiving from localhost:28000, current prepare messages number is 2
[INFO] 2025/09/21 02:12:57 Received preprepare message from localhost:28000, sequence number 55627
[INFO] 2025/09/21 02:12:57 Send prepare message to localhost:28000
[INFO] 2025/09/21 02:12:57 Send prepare message to localhost:28100
[INFO] 2025/09/21 02:12:57 Send prepare message to localhost:28300
[INFO] 2025/09/21 02:12:57 Received prepare message from localhost:28100, sequence number 55627
[INFO] 2025/09/21 02:12:57 Prepare message count for sequence 55627 is now 1
[INFO] 2025/09/21 02:12:57 After receiving from localhost:28100, current prepare messages number is 1
[INFO] 2025/09/21 02:12:57 Received prepare message from localhost:28300, sequence number 55627
[INFO] 2025/09/21 02:12:57 Prepare message count for sequence 55627 is now 2
[INFO] 2025/09/21 02:12:57 After receiving from localhost:28300, current prepare messages number is 2
[INFO] 2025/09/21 02:12:57 Received 2 prepare messages, enough to commit the block.
[INFO] 2025/09/21 02:12:57 Send commit message to localhost:28000
[INFO] 2025/09/21 02:12:57 Received commit message from localhost:28100, sequence number 55627
[INFO] 2025/09/21 02:12:57 Commit message count for sequence 55627 is now 1
[INFO] 2025/09/21 02:12:57 After receiving from localhost:28100, current prepare messages number is 2
[INFO] 2025/09/21 02:12:57 Send commit message to localhost:28100
[INFO] 2025/09/21 02:12:57 Send commit message to localhost:28300
[INFO] 2025/09/21 02:12:57 Received commit message from localhost:28000, sequence number 55627
[INFO] 2025/09/21 02:12:57 Commit message count for sequence 55627 is now 2
[INFO] 2025/09/21 02:12:57 After receiving from localhost:28000, current prepare messages number is 2
[INFO] 2025/09/21 02:12:57 Received 2 prepare messages, enough to commit the block.
[INFO] 2025/09/21 02:12:57 Send reply message to localhost:20000
[INFO] 2025/09/21 02:12:57 Received commit message from localhost:28300, sequence number 55627
[INFO] 2025/09/21 02:12:57 Commit message count for sequence 55627 is now 3
[INFO] 2025/09/21 02:12:57 After receiving from localhost:28300, current prepare messages number is 2
[INFO] 2025/09/21 02:12:58 Received preprepare message from localhost:28000, sequence number 55628
[INFO] 2025/09/21 02:12:58 Send prepare message to localhost:28000
[INFO] 2025/09/21 02:12:58 Send prepare message to localhost:28100
[INFO] 2025/09/21 02:12:58 Send prepare message to localhost:28300
[INFO] 2025/09/21 02:12:58 Received prepare message from localhost:28100, sequence number 55628
[INFO] 2025/09/21 02:12:58 Prepare message count for sequence 55628 is now 1
[INFO] 2025/09/21 02:12:58 After receiving from localhost:28100, current prepare messages number is 1
[INFO] 2025/09/21 02:12:58 Received prepare message from localhost:28300, sequence number 55628
[INFO] 2025/09/21 02:12:58 Prepare message count for sequence 55628 is now 2
[INFO] 2025/09/21 02:12:58 After receiving from localhost:28300, current prepare messages number is 2
[INFO] 2025/09/21 02:12:58 Received 2 prepare messages, enough to commit the block.
[INFO] 2025/09/21 02:12:58 Send commit message to localhost:28000
[INFO] 2025/09/21 02:12:58 Received commit message from localhost:28000, sequence number 55628
[INFO] 2025/09/21 02:12:58 Commit message count for sequence 55628 is now 1
[INFO] 2025/09/21 02:12:58 After receiving from localhost:28000, current prepare messages number is 2
[INFO] 2025/09/21 02:12:58 Received commit message from localhost:28100, sequence number 55628
[INFO] 2025/09/21 02:12:58 Commit message count for sequence 55628 is now 2
[INFO] 2025/09/21 02:12:58 After receiving from localhost:28100, current prepare messages number is 2
[INFO] 2025/09/21 02:12:58 Received 2 prepare messages, enough to commit the block.
[INFO] 2025/09/21 02:12:58 Send reply message to localhost:20000
[INFO] 2025/09/21 02:12:58 Send commit message to localhost:28100
[INFO] 2025/09/21 02:12:58 Send commit message to localhost:28300
[INFO] 2025/09/21 02:12:58 Received commit message from localhost:28300, sequence number 55628
[INFO] 2025/09/21 02:12:58 Commit message count for sequence 55628 is now 3
[INFO] 2025/09/21 02:12:58 After receiving from localhost:28300, current prepare messages number is 2
[INFO] 2025/09/21 02:12:59 Received preprepare message from localhost:28000, sequence number 55629
[INFO] 2025/09/21 02:12:59 Send prepare message to localhost:28000
[INFO] 2025/09/21 02:12:59 Send prepare message to localhost:28100
[INFO] 2025/09/21 02:12:59 Send prepare message to localhost:28300
[INFO] 2025/09/21 02:12:59 Received prepare message from localhost:28100, sequence number 55629
[INFO] 2025/09/21 02:12:59 Prepare message count for sequence 55629 is now 1
[INFO] 2025/09/21 02:12:59 After receiving from localhost:28100, current prepare messages number is 1
[INFO] 2025/09/21 02:12:59 Received commit message from localhost:28100, sequence number 55629
[INFO] 2025/09/21 02:12:59 Commit message count for sequence 55629 is now 1
[INFO] 2025/09/21 02:12:59 After receiving from localhost:28100, current prepare messages number is 1
[INFO] 2025/09/21 02:12:59 Received commit message from localhost:28000, sequence number 55629
[INFO] 2025/09/21 02:12:59 Commit message count for sequence 55629 is now 2
[INFO] 2025/09/21 02:12:59 After receiving from localhost:28000, current prepare messages number is 1
[INFO] 2025/09/21 02:12:59 Received 1 prepare messages, enough to commit the block.
[INFO] 2025/09/21 02:12:59 Send reply message to localhost:20000
[INFO] 2025/09/21 02:12:59 Received prepare message from localhost:28300, sequence number 55629
[INFO] 2025/09/21 02:12:59 Prepare message count for sequence 55629 is now 2
[INFO] 2025/09/21 02:12:59 After receiving from localhost:28300, current prepare messages number is 2
[INFO] 2025/09/21 02:12:59 Received 2 prepare messages, enough to commit the block.
[INFO] 2025/09/21 02:12:59 Send commit message to localhost:28000
[INFO] 2025/09/21 02:12:59 Send commit message to localhost:28100
[INFO] 2025/09/21 02:12:59 Send commit message to localhost:28300
[INFO] 2025/09/21 02:12:59 Received commit message from localhost:28300, sequence number 55629
[INFO] 2025/09/21 02:12:59 Commit message count for sequence 55629 is now 3
[INFO] 2025/09/21 02:12:59 After receiving from localhost:28300, current prepare messages number is 2
[INFO] 2025/09/21 02:13:19 node stopped
